System intent: greeting phase: phase_greetings strategy: [ASN, NONE, BC, PR, RSE, QESD, VSN, SD]
User intent: self_naming
User intent: positive_confirmation
System intent: pleasure_coming_together phase: phase_greetings strategy: [NONE, VSN, QESD, SD, PR, BC, ASN, RSE]
System intent: introduce phase: phase_introductions strategy: [SD, QESD, PR, VSN, NONE, BC, ASN, RSE]
System intent: start_attendance_elicitation phase: phase_introductions strategy: [NONE, PR, QESD, VSN, BC, ASN, RSE, SD]
System intent: do_attendance_elicitation phase: phase_introductions strategy: [NONE, QESD, VSN, PR, SD, BC, ASN, RSE]
System intent: feedback_attendance_elicitation_first phase: phase_introductions strategy: [NONE, PR, VSN, QESD, SD, BC, ASN, RSE]
System intent: start_goal_elicitation phase: phase_goal_elicitation strategy: [QESD, PR, VSN, SD, NONE, BC, ASN, RSE]
System intent: do_goal_elicitation phase: phase_goal_elicitation strategy: [NONE, VSN, PR, SD, BC, ASN, RSE, QESD]
User intent: 1_goal
User intent: positive_confirmation
System intent: feedback_goal_elicitation_1_goal phase: phase_goal_elicitation strategy: [NONE, PR, VSN, SD, BC, ASN, RSE, QESD]
System intent: feedback_interest_elicitation_session_recommendation_1_goal_ phase: phase_interests_elicitation strategy: [NONE, VSN, PR, SD, BC, ASN, RSE, QESD]
System intent: start_session_recommendation_1_goal_1st_time phase: phase_session_recommendation strategy: [NONE, VSN, PR, SD, BC, ASN, RSE, QESD]
System intent: do_session_recommendation_1_goal_1st_time phase: phase_session_recommendation strategy: [NONE, VSN, SD, PR, BC, ASN, RSE, QESD]
System intent: outcome_session_recommendation_1_goal_1st_time_default phase: phase_session_recommendation strategy: [NONE, PR, VSN, SD, BC, ASN, RSE, QESD]
System intent: elicit_feedback_session_recommendation_1_goal_1st_time phase: phase_session_recommendation strategy: [NONE, VSN, PR, SD, BC, ASN, RSE, QESD]
System intent: feedback_session_recommendation_1_goal_1st_time_yes phase: phase_session_recommendation strategy: [NONE, VSN, PR, SD, BC, ASN, RSE, QESD]
System intent: start_session_recommendation_1_goal_2nd_time_if_prior_feedback_yes phase: phase_session_recommendation strategy: [NONE, VSN, SD, PR, BC, ASN, RSE, QESD]
User intent: dont_understand
User intent: dont_understand
System intent: system_dont_understand_1s phase: phase_any strategy: [NONE, VSN, PR, SD, BC, ASN, RSE, QESD]
System intent: system_dont_understand_1s phase: phase_any strategy: [NONE, VSN, SD, PR, BC, ASN, RSE, QESD]
User intent: dont_understand
User intent: dont_understand
System intent: system_dont_understand_1s phase: phase_any strategy: [NONE, VSN, SD, PR, BC, ASN, RSE, QESD]
System intent: system_dont_understand_1s phase: phase_any strategy: [NONE, PR, VSN, SD, BC, ASN, RSE, QESD]
User intent: request_session_recommendation
System intent: do_session_recommendation_1_goal_2nd_time phase: phase_session_recommendation strategy: [NONE, PR, VSN, SD, BC, ASN, RSE, QESD]
System intent: outcome_session_recommendation_1_goal_2nd_time phase: phase_session_recommendation strategy: [NONE, VSN, PR, SD, BC, ASN, RSE, QESD]
System intent: elicit_feedback_session_recommendation_1_goal_2nd_time phase: phase_session_recommendation strategy: [NONE, VSN, PR, SD, BC, ASN, RSE, QESD]
User intent: farewell
User intent: farewell
System intent: half_real_farewell phase: phase_farewell strategy: [NONE, VSN, PR, SD, BC, ASN, RSE, QESD]
User intent: farewell
User intent: positive_confirmation
System intent: real_farewell phase: phase_farewell strategy: [NONE, VSN, SD, PR, BC, ASN, RSE, QESD]
