System intent: greeting phase: phase_greetings strategy: [ASN, NONE, BC, PR, RSE, QESD, VSN, SD]
User intent: self_naming
System intent: pleasure_coming_together phase: phase_greetings strategy: [PR, VSN, SD, ASN, NONE, BC, RSE, QESD]
System intent: introduce phase: phase_introductions strategy: [SD, VSN, ASN, NONE, BC, PR, RSE, QESD]
System intent: start_attendance_elicitation phase: phase_introductions strategy: [PR, ASN, QESD, VSN, SD, NONE, BC, RSE]
System intent: do_attendance_elicitation phase: phase_introductions strategy: [NONE, VSN, SD, ASN, QESD, BC, PR, RSE]
User intent: negative_confirmation
System intent: feedback_attendance_elicitation_not_first phase: phase_introductions strategy: [PR, SD, VSN, ASN, QESD, NONE, BC, RSE]
System intent: start_goal_elicitation phase: phase_goal_elicitation strategy: [VSN, QESD, SD, ASN, NONE, BC, PR, RSE]
System intent: do_goal_elicitation phase: phase_goal_elicitation strategy: [SD, PR, VSN, ASN, NONE, BC, RSE, QESD]
User intent: 1_goal
System intent: feedback_goal_elicitation_1_goal phase: phase_goal_elicitation strategy: [ASN, PR, SD, VSN, NONE, BC, RSE, QESD]
System intent: start_node_person_recommendation_1_goal phase: phase_person_recommendation strategy: [NONE, VSN, SD, ASN, PR, BC, RSE, QESD]
System intent: internal_decider_interest_elicitation_person_recommendation_1_goal phase: phase_person_recommendation strategy: [SD, ASN, VSN, PR, NONE, BC, RSE, QESD]
System intent: start_interest_elicitation_person_recommendation_1_goal_ phase: phase_interests_elicitation strategy: [NONE, SD, VSN, ASN, BC, PR, RSE, QESD]
System intent: do_interest_elicitation_person_recommendation_1_goal_ phase: phase_interests_elicitation strategy: [VSN, ASN, SD, PR, NONE, BC, RSE, QESD]
User intent: request_person_recommendation
System intent: feedback_interest_elicitation_person_recommendation_1_goal_ phase: phase_interests_elicitation strategy: [ASN, PR, SD, VSN, NONE, BC, RSE, QESD]
System intent: start_person_recommendation_1_goal_1st_time phase: phase_person_recommendation strategy: [NONE, SD, VSN, ASN, PR, BC, RSE, QESD]
System intent: do_person_recommendation_1_goal_1st_time phase: phase_person_recommendation strategy: [VSN, SD, ASN, PR, NONE, BC, RSE, QESD]
System intent: outcome_person_recommendation_1_goal_1st_time phase: phase_person_recommendation strategy: [NONE, SD, VSN, ASN, BC, PR, RSE, QESD]
System intent: elicit_feedback_person_recommendation_1_goal_1st_time phase: phase_person_recommendation strategy: [SD, VSN, ASN, PR, NONE, BC, RSE, QESD]
User intent: positive_confirmation
System intent: feedback_person_recommendation_1_goal_1st_time_yes phase: phase_person_recommendation strategy: [PR, ASN, SD, VSN, NONE, BC, RSE, QESD]
System intent: start_person_recommendation_1_goal_2nd_time_if_prior_feedback_yes phase: phase_person_recommendation strategy: [NONE, SD, ASN, VSN, BC, PR, RSE, QESD]
User intent: positive_confirmation
System intent: feedback_start_person_recommendation_1_goal_2nd_time_yes phase: phase_person_recommendation strategy: [PR, SD, VSN, ASN, NONE, BC, RSE, QESD]
User intent: request_person_recommendation
System intent: do_person_recommendation_1_goal_2nd_time phase: phase_person_recommendation strategy: [PR, SD, ASN, VSN, NONE, BC, RSE, QESD]
System intent: outcome_person_recommendation_1_goal_2nd_time phase: phase_person_recommendation strategy: [NONE, VSN, ASN, SD, BC, PR, RSE, QESD]
System intent: elicit_feedback_person_recommendation_1_goal_2nd_time phase: phase_person_recommendation strategy: [VSN, ASN, SD, PR, NONE, BC, RSE, QESD]
User intent: negative_confirmation
System intent: feedback_person_recommendation_1_goal_2nd_time_no phase: phase_person_recommendation strategy: [ASN, PR, SD, VSN, NONE, BC, RSE, QESD]
System intent: start_person_recommendation_1_goal_3rd_time_if_prior_feedback_no phase: phase_person_recommendation strategy: [NONE, SD, VSN, ASN, BC, PR, RSE, QESD]
User intent: positive_confirmation
System intent: backup_word phase: phase_person_recommendation strategy: [PR, SD, VSN, ASN, NONE, BC, RSE, QESD]
User intent: positive_confirmation
System intent: backup_word phase: phase_person_recommendation strategy: [PR, SD, ASN, VSN, NONE, BC, RSE, QESD]
User intent: positive_confirmation
System intent: backup_word phase: phase_person_recommendation strategy: [VSN, PR, ASN, SD, NONE, BC, RSE, QESD]
User intent: positive_confirmation
System intent: backup_word phase: phase_person_recommendation strategy: [VSN, PR, ASN, SD, NONE, BC, RSE, QESD]
User intent: farewell
System intent: half_real_farewell phase: phase_farewell strategy: [ASN, PR, SD, VSN, NONE, BC, RSE, QESD]
User intent: farewell
System intent: real_farewell phase: phase_farewell strategy: [PR, ASN, SD, VSN, NONE, BC, RSE, QESD]
